c:\users\ayush\documents\visual studio 2015\projects\project2helpercode\metricsexecutive\x64\debug\vc140.pdb
c:\users\ayush\documents\visual studio 2015\projects\project2helpercode\metricsexecutive\x64\debug\vc140.idb
c:\users\ayush\documents\visual studio 2015\projects\project2helpercode\metricsexecutive\x64\debug\filemgr.obj
c:\users\ayush\documents\visual studio 2015\projects\project2helpercode\metricsexecutive\x64\debug\filesystem.obj
c:\users\ayush\documents\visual studio 2015\projects\project2helpercode\metricsexecutive\x64\debug\metricsanalysis.obj
c:\users\ayush\documents\visual studio 2015\projects\project2helpercode\metricsexecutive\x64\debug\actionsandrules.obj
c:\users\ayush\documents\visual studio 2015\projects\project2helpercode\metricsexecutive\x64\debug\configureparser.obj
c:\users\ayush\documents\visual studio 2015\projects\project2helpercode\metricsexecutive\x64\debug\parser.obj
c:\users\ayush\documents\visual studio 2015\projects\project2helpercode\metricsexecutive\x64\debug\semiexp.obj
c:\users\ayush\documents\visual studio 2015\projects\project2helpercode\metricsexecutive\x64\debug\tokenizer.obj
c:\users\ayush\documents\visual studio 2015\projects\project2helpercode\metricsexecutive\x64\debug\utilities.obj
c:\users\ayush\documents\visual studio 2015\projects\project2helpercode\metricsexecutive\x64\debug\metricsexecutive.obj
c:\users\ayush\documents\visual studio 2015\projects\project2helpercode\x64\debug\metricsexecutive.ilk
c:\users\ayush\documents\visual studio 2015\projects\project2helpercode\x64\debug\metricsexecutive.exe
c:\users\ayush\documents\visual studio 2015\projects\project2helpercode\x64\debug\metricsexecutive.pdb
c:\users\ayush\documents\visual studio 2015\projects\project2helpercode\metricsexecutive\x64\debug\metricsexecutive.tlog\cl.command.1.tlog
c:\users\ayush\documents\visual studio 2015\projects\project2helpercode\metricsexecutive\x64\debug\metricsexecutive.tlog\cl.read.1.tlog
c:\users\ayush\documents\visual studio 2015\projects\project2helpercode\metricsexecutive\x64\debug\metricsexecutive.tlog\cl.write.1.tlog
c:\users\ayush\documents\visual studio 2015\projects\project2helpercode\metricsexecutive\x64\debug\metricsexecutive.tlog\link.command.1.tlog
c:\users\ayush\documents\visual studio 2015\projects\project2helpercode\metricsexecutive\x64\debug\metricsexecutive.tlog\link.read.1.tlog
c:\users\ayush\documents\visual studio 2015\projects\project2helpercode\metricsexecutive\x64\debug\metricsexecutive.tlog\link.write.1.tlog
