c:\users\ayush\documents\visual studio 2015\projects\project2helpercode\parser\x64\debug\vc140.pdb
c:\users\ayush\documents\visual studio 2015\projects\project2helpercode\parser\x64\debug\vc140.idb
c:\users\ayush\documents\visual studio 2015\projects\project2helpercode\parser\x64\debug\filesystem.obj
c:\users\ayush\documents\visual studio 2015\projects\project2helpercode\parser\x64\debug\scopestack.obj
c:\users\ayush\documents\visual studio 2015\projects\project2helpercode\parser\x64\debug\semiexp.obj
c:\users\ayush\documents\visual studio 2015\projects\project2helpercode\parser\x64\debug\tokenizer.obj
c:\users\ayush\documents\visual studio 2015\projects\project2helpercode\parser\x64\debug\utilities.obj
c:\users\ayush\documents\visual studio 2015\projects\project2helpercode\parser\x64\debug\abssyntree.obj
c:\users\ayush\documents\visual studio 2015\projects\project2helpercode\parser\x64\debug\actionsandrules.obj
c:\users\ayush\documents\visual studio 2015\projects\project2helpercode\parser\x64\debug\configureparser.obj
c:\users\ayush\documents\visual studio 2015\projects\project2helpercode\parser\x64\debug\parser.obj
c:\users\ayush\documents\visual studio 2015\projects\project2helpercode\x64\debug\parser.ilk
c:\users\ayush\documents\visual studio 2015\projects\project2helpercode\x64\debug\parser.exe
c:\users\ayush\documents\visual studio 2015\projects\project2helpercode\x64\debug\parser.pdb
c:\users\ayush\documents\visual studio 2015\projects\project2helpercode\parser\x64\debug\parser.tlog\cl.command.1.tlog
c:\users\ayush\documents\visual studio 2015\projects\project2helpercode\parser\x64\debug\parser.tlog\cl.read.1.tlog
c:\users\ayush\documents\visual studio 2015\projects\project2helpercode\parser\x64\debug\parser.tlog\cl.write.1.tlog
c:\users\ayush\documents\visual studio 2015\projects\project2helpercode\parser\x64\debug\parser.tlog\link.command.1.tlog
c:\users\ayush\documents\visual studio 2015\projects\project2helpercode\parser\x64\debug\parser.tlog\link.read.1.tlog
c:\users\ayush\documents\visual studio 2015\projects\project2helpercode\parser\x64\debug\parser.tlog\link.write.1.tlog
