Build started 3/13/2016 8:50:54 PM.
     1>Project "C:\Users\Ayush\Documents\Visual Studio 2015\Projects\Project2HelperCode\Parser\Parser.vcxproj" on node 4 (Rebuild target(s)).
     1>ClCompile:
         C:\Program Files (x86)\Microsoft Visual Studio 14.0\VC\bin\x86_amd64\CL.exe /c /ZI /nologo /W3 /WX- /sdl /Od /D _DEBUG /D _CONSOLE /D TEST_CONFIGUREPARSER /D _UNICODE /D UNICODE /Gm /EHsc /RTC1 /MDd /GS /fp:precise /Zc:wchar_t /Zc:forScope /Zc:inline /Fo"x64\Debug\\" /Fd"x64\Debug\vc140.pdb" /Gd /TP /errorReport:prompt "..\FileSystem-Windows\FileSystemDemo\FileSystem.cpp" ..\ScopeStack\ScopeStack.cpp ..\SemiExp\SemiExp.cpp ..\Tokenizer\Tokenizer.cpp ..\Utilities\Utilities.cpp AbsSynTree.cpp ActionsAndRules.cpp ConfigureParser.cpp Parser.cpp
         Parser.cpp
         ConfigureParser.cpp
     1>c:\users\ayush\documents\visual studio 2015\projects\project2helpercode\parser\abssyntree.h(48): warning C4305: 'argument': truncation from 'int' to 'char'
     1>c:\users\ayush\documents\visual studio 2015\projects\project2helpercode\parser\abssyntree.h(48): warning C4309: 'argument': truncation of constant value
     1>c:\users\ayush\documents\visual studio 2015\projects\project2helpercode\metricsanalysis\metricsanalysis.h(49): warning C4267: 'initializing': conversion from 'size_t' to 'int', possible loss of data
         ActionsAndRules.cpp
         AbsSynTree.cpp
     1>c:\users\ayush\documents\visual studio 2015\projects\project2helpercode\parser\abssyntree.h(48): warning C4305: 'argument': truncation from 'int' to 'char'
     1>c:\users\ayush\documents\visual studio 2015\projects\project2helpercode\parser\abssyntree.h(48): warning C4309: 'argument': truncation of constant value
         Utilities.cpp
         Tokenizer.cpp
         SemiExp.cpp
         ScopeStack.cpp
         FileSystem.cpp
         Generating Code...
       Link:
         C:\Program Files (x86)\Microsoft Visual Studio 14.0\VC\bin\x86_amd64\link.exe /ERRORREPORT:PROMPT /OUT:"C:\Users\Ayush\Documents\Visual Studio 2015\Projects\Project2HelperCode\x64\Debug\Parser.exe" /INCREMENTAL /NOLOGO kernel32.lib user32.lib gdi32.lib winspool.lib comdlg32.lib advapi32.lib shell32.lib ole32.lib oleaut32.lib uuid.lib odbc32.lib odbccp32.lib /MANIFEST /MANIFESTUAC:"level='asInvoker' uiAccess='false'" /manifest:embed /Debug /PDB:"C:\Users\Ayush\Documents\Visual Studio 2015\Projects\Project2HelperCode\x64\Debug\Parser.pdb" /SUBSYSTEM:CONSOLE /TLBID:1 /DYNAMICBASE /NXCOMPAT /IMPLIB:"C:\Users\Ayush\Documents\Visual Studio 2015\Projects\Project2HelperCode\x64\Debug\Parser.lib" /MACHINE:X64 x64\Debug\FileSystem.obj
         x64\Debug\ScopeStack.obj
         x64\Debug\SemiExp.obj
         x64\Debug\Tokenizer.obj
         x64\Debug\Utilities.obj
         x64\Debug\AbsSynTree.obj
         x64\Debug\ActionsAndRules.obj
         x64\Debug\ConfigureParser.obj
         x64\Debug\Parser.obj
         Parser.vcxproj -> C:\Users\Ayush\Documents\Visual Studio 2015\Projects\Project2HelperCode\x64\Debug\Parser.exe
     1>Done Building Project "C:\Users\Ayush\Documents\Visual Studio 2015\Projects\Project2HelperCode\Parser\Parser.vcxproj" (Rebuild target(s)).

Build succeeded.

Time Elapsed 00:00:10.75
